[2018-07-08 00:06:51,065][INFO ] c.n.s.RedisUtilTest[50] - Starting RedisUtilTest on T5BBAYE19HSWXHH with PID 9144 (started by Administrator in E:\privateWorkspace\JavaEETest\spring-boot-db-pool)
[2018-07-08 00:06:51,243][INFO ] c.n.s.RedisUtilTest[659] - No active profile set, falling back to default profiles: default
[2018-07-08 00:06:51,389][INFO ] o.s.w.c.s.GenericWebApplicationContext[590] - Refreshing org.springframework.web.context.support.GenericWebApplicationContext@6853425f: startup date [Sun Jul 08 00:06:51 CST 2018]; root of context hierarchy
[2018-07-08 00:06:53,862][INFO ] o.s.d.r.c.RepositoryConfigurationDelegate[163] - Multiple Spring Data modules found, entering strict repository configuration mode!
[2018-07-08 00:06:54,621][INFO ] o.s.c.s.PostProcessorRegistrationDelegate$BeanPostProcessorChecker[328] - Bean 'org.springframework.transaction.annotation.ProxyTransactionManagementConfiguration' of type [org.springframework.transaction.annotation.ProxyTransactionManagementConfiguration$$EnhancerBySpringCGLIB$$c56e40e5] is not eligible for getting processed by all BeanPostProcessors (for example: not eligible for auto-proxying)
[2018-07-08 00:06:55,262][INFO ] c.z.h.HikariDataSource[80] - HikariPool-1 - Starting...
[2018-07-08 00:06:55,552][INFO ] c.z.h.HikariDataSource[82] - HikariPool-1 - Start completed.
[2018-07-08 00:06:57,387][INFO ] o.s.w.s.m.m.a.RequestMappingHandlerMapping[547] - Mapped "{[/api/user/getById],methods=[GET]}" onto public java.lang.Object com.ns.springboothikaricp.controller.UserController.getById(long)
[2018-07-08 00:06:57,390][INFO ] o.s.w.s.m.m.a.RequestMappingHandlerMapping[547] - Mapped "{[/api/user/addUser],methods=[POST]}" onto public java.lang.Object com.ns.springboothikaricp.controller.UserController.addUser(com.ns.springboothikaricp.bean.User)
[2018-07-08 00:06:57,396][INFO ] o.s.w.s.m.m.a.RequestMappingHandlerMapping[547] - Mapped "{[/swagger-resources/configuration/ui]}" onto public org.springframework.http.ResponseEntity<springfox.documentation.swagger.web.UiConfiguration> springfox.documentation.swagger.web.ApiResourceController.uiConfiguration()
[2018-07-08 00:06:57,397][INFO ] o.s.w.s.m.m.a.RequestMappingHandlerMapping[547] - Mapped "{[/swagger-resources]}" onto public org.springframework.http.ResponseEntity<java.util.List<springfox.documentation.swagger.web.SwaggerResource>> springfox.documentation.swagger.web.ApiResourceController.swaggerResources()
[2018-07-08 00:06:57,398][INFO ] o.s.w.s.m.m.a.RequestMappingHandlerMapping[547] - Mapped "{[/swagger-resources/configuration/security]}" onto public org.springframework.http.ResponseEntity<springfox.documentation.swagger.web.SecurityConfiguration> springfox.documentation.swagger.web.ApiResourceController.securityConfiguration()
[2018-07-08 00:06:57,408][INFO ] o.s.w.s.m.m.a.RequestMappingHandlerMapping[547] - Mapped "{[/error]}" onto public org.springframework.http.ResponseEntity<java.util.Map<java.lang.String, java.lang.Object>> org.springframework.boot.autoconfigure.web.servlet.error.BasicErrorController.error(javax.servlet.http.HttpServletRequest)
[2018-07-08 00:06:57,410][INFO ] o.s.w.s.m.m.a.RequestMappingHandlerMapping[547] - Mapped "{[/error],produces=[text/html]}" onto public org.springframework.web.servlet.ModelAndView org.springframework.boot.autoconfigure.web.servlet.error.BasicErrorController.errorHtml(javax.servlet.http.HttpServletRequest,javax.servlet.http.HttpServletResponse)
[2018-07-08 00:06:57,771][INFO ] s.d.s.w.PropertySourcedRequestMappingHandlerMapping[69] - Mapped URL path [/v2/api-docs] onto method [public org.springframework.http.ResponseEntity<springfox.documentation.spring.web.json.Json> springfox.documentation.swagger2.web.Swagger2Controller.getDocumentation(java.lang.String,javax.servlet.http.HttpServletRequest)]
[2018-07-08 00:06:58,349][INFO ] o.s.w.s.h.SimpleUrlHandlerMapping[373] - Mapped URL path [/**/favicon.ico] onto handler of type [class org.springframework.web.servlet.resource.ResourceHttpRequestHandler]
[2018-07-08 00:06:58,826][INFO ] o.s.w.s.m.m.a.RequestMappingHandlerAdapter[574] - Looking for @ControllerAdvice: org.springframework.web.context.support.GenericWebApplicationContext@6853425f: startup date [Sun Jul 08 00:06:51 CST 2018]; root of context hierarchy
[2018-07-08 00:06:58,967][INFO ] o.s.w.s.h.SimpleUrlHandlerMapping[373] - Mapped URL path [/webjars/**] onto handler of type [class org.springframework.web.servlet.resource.ResourceHttpRequestHandler]
[2018-07-08 00:06:58,968][INFO ] o.s.w.s.h.SimpleUrlHandlerMapping[373] - Mapped URL path [/**] onto handler of type [class org.springframework.web.servlet.resource.ResourceHttpRequestHandler]
[2018-07-08 00:07:00,131][INFO ] o.s.c.s.DefaultLifecycleProcessor[351] - Starting beans in phase 2147483647
[2018-07-08 00:07:00,132][INFO ] s.d.s.w.p.DocumentationPluginsBootstrapper[151] - Context refreshed
[2018-07-08 00:07:00,175][INFO ] s.d.s.w.p.DocumentationPluginsBootstrapper[154] - Found 1 custom documentation plugin(s)
[2018-07-08 00:07:00,219][INFO ] s.d.s.w.s.ApiListingReferenceScanner[41] - Scanning for api listing references
[2018-07-08 00:07:00,515][INFO ] c.n.s.RedisUtilTest[59] - Started RedisUtilTest in 10.876 seconds (JVM running for 13.126)
[2018-07-08 00:07:00,995][INFO ] i.l.c.EpollProvider[101] - Starting without optional epoll library
[2018-07-08 00:07:00,997][INFO ] i.l.c.KqueueProvider[101] - Starting without optional kqueue library
[2018-07-08 00:07:01,813][INFO ] o.s.w.c.s.GenericWebApplicationContext[993] - Closing org.springframework.web.context.support.GenericWebApplicationContext@6853425f: startup date [Sun Jul 08 00:06:51 CST 2018]; root of context hierarchy
[2018-07-08 00:07:01,817][INFO ] o.s.c.s.DefaultLifecycleProcessor[366] - Stopping beans in phase 2147483647
[2018-07-08 00:07:24,193][INFO ] c.n.s.RedisUtilTest[50] - Starting RedisUtilTest on T5BBAYE19HSWXHH with PID 10928 (started by Administrator in E:\privateWorkspace\JavaEETest\spring-boot-db-pool)
[2018-07-08 00:07:24,196][INFO ] c.n.s.RedisUtilTest[659] - No active profile set, falling back to default profiles: default
[2018-07-08 00:07:24,250][INFO ] o.s.w.c.s.GenericWebApplicationContext[590] - Refreshing org.springframework.web.context.support.GenericWebApplicationContext@63eef88a: startup date [Sun Jul 08 00:07:24 CST 2018]; root of context hierarchy
[2018-07-08 00:07:25,872][INFO ] o.s.d.r.c.RepositoryConfigurationDelegate[163] - Multiple Spring Data modules found, entering strict repository configuration mode!
[2018-07-08 00:07:26,704][INFO ] o.s.c.s.PostProcessorRegistrationDelegate$BeanPostProcessorChecker[328] - Bean 'org.springframework.transaction.annotation.ProxyTransactionManagementConfiguration' of type [org.springframework.transaction.annotation.ProxyTransactionManagementConfiguration$$EnhancerBySpringCGLIB$$5b0ae3a5] is not eligible for getting processed by all BeanPostProcessors (for example: not eligible for auto-proxying)
[2018-07-08 00:07:27,333][INFO ] c.z.h.HikariDataSource[80] - HikariPool-1 - Starting...
[2018-07-08 00:07:27,691][INFO ] c.z.h.HikariDataSource[82] - HikariPool-1 - Start completed.
[2018-07-08 00:07:29,625][INFO ] o.s.w.s.m.m.a.RequestMappingHandlerMapping[547] - Mapped "{[/api/user/getById],methods=[GET]}" onto public java.lang.Object com.ns.springboothikaricp.controller.UserController.getById(long)
[2018-07-08 00:07:29,627][INFO ] o.s.w.s.m.m.a.RequestMappingHandlerMapping[547] - Mapped "{[/api/user/addUser],methods=[POST]}" onto public java.lang.Object com.ns.springboothikaricp.controller.UserController.addUser(com.ns.springboothikaricp.bean.User)
[2018-07-08 00:07:29,633][INFO ] o.s.w.s.m.m.a.RequestMappingHandlerMapping[547] - Mapped "{[/swagger-resources]}" onto public org.springframework.http.ResponseEntity<java.util.List<springfox.documentation.swagger.web.SwaggerResource>> springfox.documentation.swagger.web.ApiResourceController.swaggerResources()
[2018-07-08 00:07:29,635][INFO ] o.s.w.s.m.m.a.RequestMappingHandlerMapping[547] - Mapped "{[/swagger-resources/configuration/ui]}" onto public org.springframework.http.ResponseEntity<springfox.documentation.swagger.web.UiConfiguration> springfox.documentation.swagger.web.ApiResourceController.uiConfiguration()
[2018-07-08 00:07:29,636][INFO ] o.s.w.s.m.m.a.RequestMappingHandlerMapping[547] - Mapped "{[/swagger-resources/configuration/security]}" onto public org.springframework.http.ResponseEntity<springfox.documentation.swagger.web.SecurityConfiguration> springfox.documentation.swagger.web.ApiResourceController.securityConfiguration()
[2018-07-08 00:07:29,646][INFO ] o.s.w.s.m.m.a.RequestMappingHandlerMapping[547] - Mapped "{[/error]}" onto public org.springframework.http.ResponseEntity<java.util.Map<java.lang.String, java.lang.Object>> org.springframework.boot.autoconfigure.web.servlet.error.BasicErrorController.error(javax.servlet.http.HttpServletRequest)
[2018-07-08 00:07:29,648][INFO ] o.s.w.s.m.m.a.RequestMappingHandlerMapping[547] - Mapped "{[/error],produces=[text/html]}" onto public org.springframework.web.servlet.ModelAndView org.springframework.boot.autoconfigure.web.servlet.error.BasicErrorController.errorHtml(javax.servlet.http.HttpServletRequest,javax.servlet.http.HttpServletResponse)
[2018-07-08 00:07:29,979][INFO ] s.d.s.w.PropertySourcedRequestMappingHandlerMapping[69] - Mapped URL path [/v2/api-docs] onto method [public org.springframework.http.ResponseEntity<springfox.documentation.spring.web.json.Json> springfox.documentation.swagger2.web.Swagger2Controller.getDocumentation(java.lang.String,javax.servlet.http.HttpServletRequest)]
[2018-07-08 00:07:30,421][INFO ] o.s.w.s.h.SimpleUrlHandlerMapping[373] - Mapped URL path [/**/favicon.ico] onto handler of type [class org.springframework.web.servlet.resource.ResourceHttpRequestHandler]
[2018-07-08 00:07:30,862][INFO ] o.s.w.s.m.m.a.RequestMappingHandlerAdapter[574] - Looking for @ControllerAdvice: org.springframework.web.context.support.GenericWebApplicationContext@63eef88a: startup date [Sun Jul 08 00:07:24 CST 2018]; root of context hierarchy
[2018-07-08 00:07:30,978][INFO ] o.s.w.s.h.SimpleUrlHandlerMapping[373] - Mapped URL path [/webjars/**] onto handler of type [class org.springframework.web.servlet.resource.ResourceHttpRequestHandler]
[2018-07-08 00:07:30,980][INFO ] o.s.w.s.h.SimpleUrlHandlerMapping[373] - Mapped URL path [/**] onto handler of type [class org.springframework.web.servlet.resource.ResourceHttpRequestHandler]
[2018-07-08 00:07:31,975][INFO ] o.s.c.s.DefaultLifecycleProcessor[351] - Starting beans in phase 2147483647
[2018-07-08 00:07:31,975][INFO ] s.d.s.w.p.DocumentationPluginsBootstrapper[151] - Context refreshed
[2018-07-08 00:07:32,014][INFO ] s.d.s.w.p.DocumentationPluginsBootstrapper[154] - Found 1 custom documentation plugin(s)
[2018-07-08 00:07:32,063][INFO ] s.d.s.w.s.ApiListingReferenceScanner[41] - Scanning for api listing references
[2018-07-08 00:07:32,308][INFO ] c.n.s.RedisUtilTest[59] - Started RedisUtilTest in 9.403 seconds (JVM running for 12.58)
[2018-07-08 00:07:32,740][INFO ] i.l.c.EpollProvider[101] - Starting without optional epoll library
[2018-07-08 00:07:32,743][INFO ] i.l.c.KqueueProvider[101] - Starting without optional kqueue library
[2018-07-08 00:07:33,380][INFO ] o.s.w.c.s.GenericWebApplicationContext[993] - Closing org.springframework.web.context.support.GenericWebApplicationContext@63eef88a: startup date [Sun Jul 08 00:07:24 CST 2018]; root of context hierarchy
[2018-07-08 00:07:33,387][INFO ] o.s.c.s.DefaultLifecycleProcessor[366] - Stopping beans in phase 2147483647
[2018-07-08 00:09:16,661][INFO ] c.n.s.RedisUtilTest[50] - Starting RedisUtilTest on T5BBAYE19HSWXHH with PID 3020 (started by Administrator in E:\privateWorkspace\JavaEETest\spring-boot-db-pool)
[2018-07-08 00:09:16,668][INFO ] c.n.s.RedisUtilTest[659] - No active profile set, falling back to default profiles: default
[2018-07-08 00:09:16,820][INFO ] o.s.w.c.s.GenericWebApplicationContext[590] - Refreshing org.springframework.web.context.support.GenericWebApplicationContext@63eef88a: startup date [Sun Jul 08 00:09:16 CST 2018]; root of context hierarchy
[2018-07-08 00:09:18,851][INFO ] o.s.d.r.c.RepositoryConfigurationDelegate[163] - Multiple Spring Data modules found, entering strict repository configuration mode!
[2018-07-08 00:09:19,763][INFO ] o.s.c.s.PostProcessorRegistrationDelegate$BeanPostProcessorChecker[328] - Bean 'org.springframework.transaction.annotation.ProxyTransactionManagementConfiguration' of type [org.springframework.transaction.annotation.ProxyTransactionManagementConfiguration$$EnhancerBySpringCGLIB$$9987d20e] is not eligible for getting processed by all BeanPostProcessors (for example: not eligible for auto-proxying)
[2018-07-08 00:09:20,436][INFO ] c.z.h.HikariDataSource[80] - HikariPool-1 - Starting...
[2018-07-08 00:09:20,884][INFO ] c.z.h.HikariDataSource[82] - HikariPool-1 - Start completed.
[2018-07-08 00:09:22,738][INFO ] o.s.w.s.m.m.a.RequestMappingHandlerMapping[547] - Mapped "{[/api/user/addUser],methods=[POST]}" onto public java.lang.Object com.ns.springboothikaricp.controller.UserController.addUser(com.ns.springboothikaricp.bean.User)
[2018-07-08 00:09:22,740][INFO ] o.s.w.s.m.m.a.RequestMappingHandlerMapping[547] - Mapped "{[/api/user/getById],methods=[GET]}" onto public java.lang.Object com.ns.springboothikaricp.controller.UserController.getById(long)
[2018-07-08 00:09:22,745][INFO ] o.s.w.s.m.m.a.RequestMappingHandlerMapping[547] - Mapped "{[/swagger-resources/configuration/ui]}" onto public org.springframework.http.ResponseEntity<springfox.documentation.swagger.web.UiConfiguration> springfox.documentation.swagger.web.ApiResourceController.uiConfiguration()
[2018-07-08 00:09:22,747][INFO ] o.s.w.s.m.m.a.RequestMappingHandlerMapping[547] - Mapped "{[/swagger-resources]}" onto public org.springframework.http.ResponseEntity<java.util.List<springfox.documentation.swagger.web.SwaggerResource>> springfox.documentation.swagger.web.ApiResourceController.swaggerResources()
[2018-07-08 00:09:22,748][INFO ] o.s.w.s.m.m.a.RequestMappingHandlerMapping[547] - Mapped "{[/swagger-resources/configuration/security]}" onto public org.springframework.http.ResponseEntity<springfox.documentation.swagger.web.SecurityConfiguration> springfox.documentation.swagger.web.ApiResourceController.securityConfiguration()
[2018-07-08 00:09:22,758][INFO ] o.s.w.s.m.m.a.RequestMappingHandlerMapping[547] - Mapped "{[/error]}" onto public org.springframework.http.ResponseEntity<java.util.Map<java.lang.String, java.lang.Object>> org.springframework.boot.autoconfigure.web.servlet.error.BasicErrorController.error(javax.servlet.http.HttpServletRequest)
[2018-07-08 00:09:22,760][INFO ] o.s.w.s.m.m.a.RequestMappingHandlerMapping[547] - Mapped "{[/error],produces=[text/html]}" onto public org.springframework.web.servlet.ModelAndView org.springframework.boot.autoconfigure.web.servlet.error.BasicErrorController.errorHtml(javax.servlet.http.HttpServletRequest,javax.servlet.http.HttpServletResponse)
[2018-07-08 00:09:23,124][INFO ] s.d.s.w.PropertySourcedRequestMappingHandlerMapping[69] - Mapped URL path [/v2/api-docs] onto method [public org.springframework.http.ResponseEntity<springfox.documentation.spring.web.json.Json> springfox.documentation.swagger2.web.Swagger2Controller.getDocumentation(java.lang.String,javax.servlet.http.HttpServletRequest)]
[2018-07-08 00:09:23,673][INFO ] o.s.w.s.h.SimpleUrlHandlerMapping[373] - Mapped URL path [/**/favicon.ico] onto handler of type [class org.springframework.web.servlet.resource.ResourceHttpRequestHandler]
[2018-07-08 00:09:24,084][INFO ] o.s.w.s.m.m.a.RequestMappingHandlerAdapter[574] - Looking for @ControllerAdvice: org.springframework.web.context.support.GenericWebApplicationContext@63eef88a: startup date [Sun Jul 08 00:09:16 CST 2018]; root of context hierarchy
[2018-07-08 00:09:24,206][INFO ] o.s.w.s.h.SimpleUrlHandlerMapping[373] - Mapped URL path [/webjars/**] onto handler of type [class org.springframework.web.servlet.resource.ResourceHttpRequestHandler]
[2018-07-08 00:09:24,207][INFO ] o.s.w.s.h.SimpleUrlHandlerMapping[373] - Mapped URL path [/**] onto handler of type [class org.springframework.web.servlet.resource.ResourceHttpRequestHandler]
[2018-07-08 00:09:25,293][INFO ] o.s.c.s.DefaultLifecycleProcessor[351] - Starting beans in phase 2147483647
[2018-07-08 00:09:25,293][INFO ] s.d.s.w.p.DocumentationPluginsBootstrapper[151] - Context refreshed
[2018-07-08 00:09:25,342][INFO ] s.d.s.w.p.DocumentationPluginsBootstrapper[154] - Found 1 custom documentation plugin(s)
[2018-07-08 00:09:25,388][INFO ] s.d.s.w.s.ApiListingReferenceScanner[41] - Scanning for api listing references
[2018-07-08 00:09:25,622][INFO ] c.n.s.RedisUtilTest[59] - Started RedisUtilTest in 10.497 seconds (JVM running for 13.269)
[2018-07-08 00:09:26,023][INFO ] i.l.c.EpollProvider[101] - Starting without optional epoll library
[2018-07-08 00:09:26,025][INFO ] i.l.c.KqueueProvider[101] - Starting without optional kqueue library
[2018-07-08 00:09:26,727][INFO ] o.s.w.c.s.GenericWebApplicationContext[993] - Closing org.springframework.web.context.support.GenericWebApplicationContext@63eef88a: startup date [Sun Jul 08 00:09:16 CST 2018]; root of context hierarchy
[2018-07-08 00:09:26,733][INFO ] o.s.c.s.DefaultLifecycleProcessor[366] - Stopping beans in phase 2147483647
